<?xml version="1.0" encoding="UTF-8"?>
<!-- Generated by org.testng.reporters.JUnitReportReporter -->
<testsuite hostname="DESKTOP-NLDOMMU" failures="0" tests="2" name="webdrivermanger.Html" time="0.019" errors="0" timestamp="2022-11-17T17:12:50 EET" skipped="0">
  <testcase classname="webdrivermanger.Html" name="the_title_test" time="0.013"/>
  <system-out/>
  <testcase classname="webdrivermanger.Html" name="the_logout_test" time="0.006"/>
  <system-out/>
</testsuite> <!-- webdrivermanger.Html -->
